[debug] [2022-06-05T10:09:06.452Z] ----------------------------------------------------------------------
[debug] [2022-06-05T10:09:06.455Z] Command:       C:\Program Files\nodejs\node.exe C:\Users\vishal kumar\AppData\Roaming\npm\node_modules\firebase-tools\lib\bin\firebase.js deploy
[debug] [2022-06-05T10:09:06.456Z] CLI Version:   11.0.1
[debug] [2022-06-05T10:09:06.456Z] Platform:      win32
[debug] [2022-06-05T10:09:06.456Z] Node Version:  v16.14.2
[debug] [2022-06-05T10:09:06.457Z] Time:          Sun Jun 05 2022 15:39:06 GMT+0530 (India Standard Time)
[debug] [2022-06-05T10:09:06.457Z] ----------------------------------------------------------------------
[debug] 
[debug] [2022-06-05T10:09:06.578Z] > command requires scopes: ["email","openid","https://www.googleapis.com/auth/cloudplatformprojects.readonly","https://www.googleapis.com/auth/firebase","https://www.googleapis.com/auth/cloud-platform"]
[debug] [2022-06-05T10:09:06.579Z] > authorizing via signed-in user (vishalkumar2022001@gmail.com)
[debug] [2022-06-05T10:09:06.579Z] [iam] checking project app-b784d for permissions ["cloudfunctions.functions.create","cloudfunctions.functions.delete","cloudfunctions.functions.get","cloudfunctions.functions.list","cloudfunctions.functions.update","cloudfunctions.operations.get","firebase.projects.get","firebasehosting.sites.update"]
[debug] [2022-06-05T10:09:06.582Z] >>> [apiv2][query] POST https://cloudresourcemanager.googleapis.com/v1/projects/app-b784d:testIamPermissions [none]
[debug] [2022-06-05T10:09:06.583Z] >>> [apiv2][body] POST https://cloudresourcemanager.googleapis.com/v1/projects/app-b784d:testIamPermissions {"permissions":["cloudfunctions.functions.create","cloudfunctions.functions.delete","cloudfunctions.functions.get","cloudfunctions.functions.list","cloudfunctions.functions.update","cloudfunctions.operations.get","firebase.projects.get","firebasehosting.sites.update"]}
[debug] [2022-06-05T10:09:06.609Z] [iam] error while checking permissions, command may fail: FirebaseError: Failed to make request to https://cloudresourcemanager.googleapis.com/v1/projects/app-b784d:testIamPermissions
[debug] [2022-06-05T10:09:06.609Z] >>> [apiv2][query] POST https://iam.googleapis.com/v1/projects/app-b784d/serviceAccounts/app-b784d@appspot.gserviceaccount.com:testIamPermissions [none]
[debug] [2022-06-05T10:09:06.609Z] >>> [apiv2][body] POST https://iam.googleapis.com/v1/projects/app-b784d/serviceAccounts/app-b784d@appspot.gserviceaccount.com:testIamPermissions {"permissions":["iam.serviceAccounts.actAs"]}
[debug] [2022-06-05T10:09:06.614Z] [functions] service account IAM check errored, deploy may fail:Failed to make request to https://iam.googleapis.com/v1/projects/app-b784d/serviceAccounts/app-b784d@appspot.gserviceaccount.com:testIamPermissions {"name":"FirebaseError","children":[],"exit":1,"message":"Failed to make request to https://iam.googleapis.com/v1/projects/app-b784d/serviceAccounts/app-b784d@appspot.gserviceaccount.com:testIamPermissions","original":{"message":"request to https://iam.googleapis.com/v1/projects/app-b784d/serviceAccounts/app-b784d@appspot.gserviceaccount.com:testIamPermissions failed, reason: getaddrinfo ENOTFOUND iam.googleapis.com","type":"system","errno":"ENOTFOUND","code":"ENOTFOUND"},"status":500}
[debug] [2022-06-05T10:09:06.615Z] >>> [apiv2][query] GET https://firebase.googleapis.com/v1beta1/projects/app-b784d [none]
[debug] [2022-06-05T10:09:06.619Z] Failed to make request to https://firebase.googleapis.com/v1beta1/projects/app-b784d
[debug] [2022-06-05T10:09:06.624Z] FirebaseError: Failed to make request to https://firebase.googleapis.com/v1beta1/projects/app-b784d
    at RetryOperation._fn (C:\Users\vishal kumar\AppData\Roaming\npm\node_modules\firebase-tools\lib\apiv2.js:240:31)
    at processTicksAndRejections (node:internal/process/task_queues:96:5)
[error] 
[error] Error: Failed to get Firebase project app-b784d. Please make sure the project exists and your account has permission to access it.
